<?xml version="1.0" encoding="UTF-8" ?>
<testsuite tests="1" failures="1" name="Utilities.TestUtil" time="6.025" errors="0" skipped="0">
  <properties>
    <property name="java.runtime.name" value="Java(TM) SE Runtime Environment"/>
    <property name="java.vm.version" value="17.0.2+8-LTS-86"/>
    <property name="sun.boot.library.path" value="C:\Program Files\Java\jdk-17.0.2\bin"/>
    <property name="maven.multiModuleProjectDirectory" value="C:\Automation_Testing\Maven_Hybrid_Framework"/>
    <property name="java.vm.vendor" value="Oracle Corporation"/>
    <property name="java.vendor.url" value="https://java.oracle.com/"/>
    <property name="guice.disable.misplaced.annotation.check" value="true"/>
    <property name="path.separator" value=";"/>
    <property name="java.vm.name" value="Java HotSpot(TM) 64-Bit Server VM"/>
    <property name="sun.os.patch.level" value=""/>
    <property name="user.script" value=""/>
    <property name="user.country" value="US"/>
    <property name="sun.java.launcher" value="SUN_STANDARD"/>
    <property name="java.vm.specification.name" value="Java Virtual Machine Specification"/>
    <property name="user.dir" value="C:\Automation_Testing\Maven_Hybrid_Framework"/>
    <property name="java.vm.compressedOopsMode" value="Zero based"/>
    <property name="java.runtime.version" value="17.0.2+8-LTS-86"/>
    <property name="os.arch" value="amd64"/>
    <property name="java.io.tmpdir" value="C:\WINDOWS\TEMP\"/>
    <property name="line.separator" value="
"/>
    <property name="java.vm.specification.vendor" value="Oracle Corporation"/>
    <property name="user.variant" value=""/>
    <property name="os.name" value="Windows 10"/>
    <property name="classworlds.conf" value="C:\apache-maven-3.8.6\bin\m2.conf"/>
    <property name="sun.jnu.encoding" value="Cp1252"/>
    <property name="java.library.path" value="C:\Program Files\Java\jdk-17.0.2\bin;C:\WINDOWS\Sun\Java\bin;C:\WINDOWS\system32;C:\WINDOWS;C:\Program Files\Java\jdk-17.0.2/bin;C:\Program Files\Java\jdk-17.0.2/bin;C:\Python310\Scripts\;C:\Python310\;C:\Program Files\Common Files\Oracle\Java\javapath;C:\WINDOWS\system32;C:\WINDOWS;C:\WINDOWS\System32\Wbem;C:\WINDOWS\System32\WindowsPowerShell\v1.0\;C:\WINDOWS\System32\OpenSSH\;C:\Program Files\nodejs;C:\Program Files\Git\cmd;C:\Program Files\Microsoft SQL Server\Client SDK\ODBC\170\Tools\Binn\;C:\Program Files (x86)\Microsoft SQL Server\150\Tools\Binn\;C:\Program Files\Microsoft SQL Server\150\Tools\Binn\;C:\Program Files\Microsoft SQL Server\150\DTS\Binn\;C:\Program Files (x86)\Microsoft SQL Server\150\DTS\Binn\;C:\Program Files\Azure Data Studio\bin;C:\Program Files\Docker\Docker\resources\bin;C:\ProgramData\DockerDesktop\version-bin;C:\ProgramData\chocolatey\bin;C:\Program Files\nodejs\;C:\Program Files\Java\jdk-17.0.2\bin;C:\apache-ant-1.10.12\bin;C:\apache-maven-3.8.6\bin;C:\WINDOWS\system32\config\systemprofile\AppData\Local\Microsoft\WindowsApps;."/>
    <property name="maven.conf" value="C:\apache-maven-3.8.6/conf"/>
    <property name="jdk.debug" value="release"/>
    <property name="java.class.version" value="61.0"/>
    <property name="java.specification.name" value="Java Platform API Specification"/>
    <property name="sun.management.compiler" value="HotSpot 64-Bit Tiered Compilers"/>
    <property name="os.version" value="10.0"/>
    <property name="library.jansi.path" value="C:\apache-maven-3.8.6\lib\jansi-native"/>
    <property name="user.home" value="C:\WINDOWS\system32\config\systemprofile"/>
    <property name="user.timezone" value="Asia/Calcutta"/>
    <property name="file.encoding" value="Cp1252"/>
    <property name="java.specification.version" value="17"/>
    <property name="user.name" value="AI1003$"/>
    <property name="java.class.path" value="C:\apache-maven-3.8.6\boot\plexus-classworlds-2.6.0.jar"/>
    <property name="java.vm.specification.version" value="17"/>
    <property name="sun.arch.data.model" value="64"/>
    <property name="sun.java.command" value="org.codehaus.plexus.classworlds.launcher.Launcher clean install"/>
    <property name="java.home" value="C:\Program Files\Java\jdk-17.0.2"/>
    <property name="user.language" value="en"/>
    <property name="java.specification.vendor" value="Oracle Corporation"/>
    <property name="java.vm.info" value="mixed mode, sharing"/>
    <property name="java.version" value="17.0.2"/>
    <property name="native.encoding" value="Cp1252"/>
    <property name="java.vendor" value="Oracle Corporation"/>
    <property name="maven.home" value="C:\apache-maven-3.8.6"/>
    <property name="file.separator" value="\"/>
    <property name="java.version.date" value="2022-01-18"/>
    <property name="java.vendor.url.bug" value="https://bugreport.java.com/bugreport/"/>
    <property name="sun.io.unicode.encoding" value="UnicodeLittle"/>
    <property name="sun.cpu.endian" value="little"/>
    <property name="sun.cpu.isalist" value="amd64"/>
  </properties>
  <testcase classname="Utilities.TestUtil" name="Keywords" time="6.025">
    <failure message="Cannot invoke &quot;String.startsWith(String)&quot; because &quot;Test_Scripts.Hybrid_Framework.testStatus&quot; is null" type="java.lang.NullPointerException">java.lang.NullPointerException: Cannot invoke &quot;String.startsWith(String)&quot; because &quot;Test_Scripts.Hybrid_Framework.testStatus&quot; is null
	at Test_Scripts.Hybrid_Framework.Keywords(Hybrid_Framework.java:407)
	at java.base/jdk.internal.reflect.NativeMethodAccessorImpl.invoke0(Native Method)
	at java.base/jdk.internal.reflect.NativeMethodAccessorImpl.invoke(NativeMethodAccessorImpl.java:77)
	at java.base/jdk.internal.reflect.DelegatingMethodAccessorImpl.invoke(DelegatingMethodAccessorImpl.java:43)
	at java.base/java.lang.reflect.Method.invoke(Method.java:568)
	at org.testng.internal.MethodInvocationHelper.invokeMethod(MethodInvocationHelper.java:124)
	at org.testng.internal.Invoker.invokeMethod(Invoker.java:583)
	at org.testng.internal.Invoker.invokeTestMethod(Invoker.java:719)
	at org.testng.internal.Invoker.invokeTestMethods(Invoker.java:989)
	at org.testng.internal.TestMethodWorker.invokeTestMethods(TestMethodWorker.java:125)
	at org.testng.internal.TestMethodWorker.run(TestMethodWorker.java:109)
	at org.testng.TestRunner.privateRun(TestRunner.java:648)
	at org.testng.TestRunner.run(TestRunner.java:505)
	at org.testng.SuiteRunner.runTest(SuiteRunner.java:455)
	at org.testng.SuiteRunner.runSequentially(SuiteRunner.java:450)
	at org.testng.SuiteRunner.privateRun(SuiteRunner.java:415)
	at org.testng.SuiteRunner.run(SuiteRunner.java:364)
	at org.testng.SuiteRunnerWorker.runSuite(SuiteRunnerWorker.java:52)
	at org.testng.SuiteRunnerWorker.run(SuiteRunnerWorker.java:84)
	at org.testng.TestNG.runSuitesSequentially(TestNG.java:1208)
	at org.testng.TestNG.runSuitesLocally(TestNG.java:1137)
	at org.testng.TestNG.runSuites(TestNG.java:1049)
	at org.testng.TestNG.run(TestNG.java:1017)
	at org.apache.maven.surefire.testng.TestNGExecutor.run(TestNGExecutor.java:77)
	at org.apache.maven.surefire.testng.TestNGDirectoryTestSuite.execute(TestNGDirectoryTestSuite.java:110)
	at org.apache.maven.surefire.testng.TestNGProvider.invoke(TestNGProvider.java:106)
	at java.base/jdk.internal.reflect.NativeMethodAccessorImpl.invoke0(Native Method)
	at java.base/jdk.internal.reflect.NativeMethodAccessorImpl.invoke(NativeMethodAccessorImpl.java:77)
	at java.base/jdk.internal.reflect.DelegatingMethodAccessorImpl.invoke(DelegatingMethodAccessorImpl.java:43)
	at java.base/java.lang.reflect.Method.invoke(Method.java:568)
	at org.apache.maven.surefire.util.ReflectionUtils.invokeMethodWithArray(ReflectionUtils.java:189)
	at org.apache.maven.surefire.booter.ProviderFactory$ProviderProxy.invoke(ProviderFactory.java:165)
	at org.apache.maven.surefire.booter.ProviderFactory.invokeProvider(ProviderFactory.java:85)
	at org.apache.maven.surefire.booter.ForkedBooter.runSuitesInProcess(ForkedBooter.java:115)
	at org.apache.maven.surefire.booter.ForkedBooter.main(ForkedBooter.java:75)
</failure>
    <system-out>Configuring TestNG with: org.apache.maven.surefire.testng.conf.TestNG652Configurator@1b40d5f0
21/07/2022 18:25:51 devpinoyLogger Executing the Test Scenario Login_IL
21/07/2022 18:25:52 devpinoyLogger Executing the Test Case Login
21/07/2022 18:25:52 devpinoyLogger Executing the openbrowser keyword
21/07/2022 18:25:52 devpinoyLogger The google chrome browser is opening
21/07/2022 18:25:54 devpinoyLogger **************************** The Result Of Execution Of The Test Step TS01 is --- Pass
21/07/2022 18:25:54 devpinoyLogger Executing the openurl Keyword
21/07/2022 18:25:57 devpinoyLogger The URL http://www.google.com has been opened
21/07/2022 18:25:57 devpinoyLogger **************************** The Result Of Execution Of The Test Step TS02 is --- Pass
21/07/2022 18:25:57 devpinoyLogger Executing the windowmax Keyword
21/07/2022 18:25:57 devpinoyLogger The window has been maximized
21/07/2022 18:25:57 devpinoyLogger **************************** The Result Of Execution Of The Test Step TS03 is --- Pass
21/07/2022 18:25:57 devpinoyLogger Executing the gettitle keyword
21/07/2022 18:25:57 devpinoyLogger The title is Google
21/07/2022 18:25:57 devpinoyLogger **************************** The Result Of Execution Of The Test Step TS04 is --- Pass
21/07/2022 18:25:57 devpinoyLogger Executing the verifytitle keyword
21/07/2022 18:25:57 devpinoyLogger The actual title is - Google
21/07/2022 18:25:57 devpinoyLogger The expected title is - Googl
21/07/2022 18:25:57 devpinoyLogger Error while verifying the title Googlexpected [Googl] but found [Google]
21/07/2022 18:25:57 devpinoyLogger The actual title is - Google
21/07/2022 18:25:57 devpinoyLogger The expected title is - Googl
21/07/2022 18:25:57 devpinoyLogger **************************** The Result Of Execution Of The Test Step TS05 is --- Fail - expected [Googl] but found [Google]
21/07/2022 18:25:57 devpinoyLogger Executing the implicitwait Keyword
21/07/2022 18:25:57 devpinoyLogger The 90 seconds has been added for the implicit wait
21/07/2022 18:25:57 devpinoyLogger **************************** The Result Of Execution Of The Test Step TS06 is --- Pass
21/07/2022 18:25:57 devpinoyLogger Executing the explicitwait Keyword
21/07/2022 18:25:57 devpinoyLogger The 90 seconds has been added for the explicit wait
21/07/2022 18:25:57 devpinoyLogger **************************** The Result Of Execution Of The Test Step TS07 is --- Pass
21/07/2022 18:25:57 devpinoyLogger Executing the fluentwait Keyword
21/07/2022 18:25:57 devpinoyLogger The 90 seconds has been added for the fluent wait
21/07/2022 18:25:57 devpinoyLogger **************************** The Result Of Execution Of The Test Step TS08 is --- Pass
21/07/2022 18:25:57 devpinoyLogger Executing the enterdata Keyword
21/07/2022 18:25:57 devpinoyLogger The HFS has been entered in the input field of the element //input[@name=&quot;q&quot;]
21/07/2022 18:25:57 devpinoyLogger **************************** The Result Of Execution Of The Test Step TS09 is --- Pass
21/07/2022 18:25:57 devpinoyLogger Executing the Highlight Keyword
21/07/2022 18:25:57 devpinoyLogger The element //input[@name=&quot;q&quot;] has been highlighted
21/07/2022 18:25:57 devpinoyLogger **************************** The Result Of Execution Of The Test Step TS10 is --- Pass
21/07/2022 18:25:57 devpinoyLogger Executing the unHighlight Keyword
21/07/2022 18:25:57 devpinoyLogger The element //input[@name=&quot;q&quot;] has been unHighlighted
21/07/2022 18:25:57 devpinoyLogger **************************** The Result Of Execution Of The Test Step TS11 is --- Pass
21/07/2022 18:25:57 devpinoyLogger Skipping the Test Step TS12
21/07/2022 18:25:57 devpinoyLogger **************************** The Result Of Execution Of The Test Step TS12 is --- Skip
21/07/2022 18:25:57 devpinoyLogger Skipping the Test Step TS13
21/07/2022 18:25:57 devpinoyLogger **************************** The Result Of Execution Of The Test Step TS13 is --- Skip
21/07/2022 18:25:57 devpinoyLogger Skipping the Test Step TS14
21/07/2022 18:25:57 devpinoyLogger **************************** The Result Of Execution Of The Test Step TS14 is --- Skip
21/07/2022 18:25:57 devpinoyLogger Skipping the Test Step TS15
21/07/2022 18:25:57 devpinoyLogger **************************** The Result Of Execution Of The Test Step TS15 is --- Skip
21/07/2022 18:25:57 devpinoyLogger Skipping the Test Step TS16
21/07/2022 18:25:57 devpinoyLogger **************************** The Result Of Execution Of The Test Step TS16 is --- Skip
21/07/2022 18:25:57 devpinoyLogger Skipping the Test Step TS17
21/07/2022 18:25:57 devpinoyLogger **************************** The Result Of Execution Of The Test Step TS17 is --- Skip
21/07/2022 18:25:57 devpinoyLogger Skipping the Test Step TS18
21/07/2022 18:25:57 devpinoyLogger **************************** The Result Of Execution Of The Test Step TS18 is --- Skip
21/07/2022 18:25:57 devpinoyLogger Skipping the Test Step TS19
21/07/2022 18:25:57 devpinoyLogger **************************** The Result Of Execution Of The Test Step TS19 is --- Skip
21/07/2022 18:25:57 devpinoyLogger Skipping the Test Step TS20
21/07/2022 18:25:57 devpinoyLogger **************************** The Result Of Execution Of The Test Step TS20 is --- Skip
21/07/2022 18:25:57 devpinoyLogger Skipping the Test Step TS21
21/07/2022 18:25:57 devpinoyLogger **************************** The Result Of Execution Of The Test Step TS21 is --- Skip
21/07/2022 18:25:57 devpinoyLogger **************************** The Result Of Execution Of The Test Case Login is --- Fail - expected [Googl] but found [Google]
</system-out>
    <system-err>SLF4J: Failed to load class &quot;org.slf4j.impl.StaticLoggerBinder&quot;.
SLF4J: Defaulting to no-operation (NOP) logger implementation
SLF4J: See http://www.slf4j.org/codes.html#StaticLoggerBinder for further details.
log4j:WARN No appenders could be found for logger (io.netty.util.internal.logging.InternalLoggerFactory).
log4j:WARN Please initialize the log4j system properly.
log4j:WARN See http://logging.apache.org/log4j/1.2/faq.html#noconfig for more info.
Starting ChromeDriver 103.0.5060.53 (a1711811edd74ff1cf2150f36ffa3b0dae40b17f-refs/branch-heads/5060@{#853}) on port 49202
Only local connections are allowed.
Please see https://chromedriver.chromium.org/security-considerations for suggestions on keeping ChromeDriver safe.
ChromeDriver was started successfully.
Jul 21, 2022 6:25:54 PM org.openqa.selenium.remote.ProtocolHandshake createSession
INFO: Detected upstream dialect: W3C
Jul 21, 2022 6:25:54 PM org.openqa.selenium.devtools.CdpVersionFinder findNearestMatch
INFO: Found exact CDP implementation for version 103
</system-err>
  </testcase>
</testsuite>