<?xml version="1.0" encoding="UTF-8"?>
<testng-results ignored="0" total="1" passed="0" failed="1" skipped="0">
  <reporter-output>
  </reporter-output>
  <suite started-at="2022-07-22T07:34:23Z" name="Command line suite" finished-at="2022-07-22T07:34:28Z" duration-ms="5735">
    <groups>
    </groups>
    <test started-at="2022-07-22T07:34:23Z" name="Command line test" finished-at="2022-07-22T07:34:28Z" duration-ms="5735">
      <class name="Test_Scripts.Hybrid_Framework">
        <test-method is-config="true" signature="startTesting()[pri:0, instance:Test_Scripts.Hybrid_Framework@4fb64261]" started-at="2022-07-22T07:34:22Z" name="startTesting" finished-at="2022-07-22T07:34:23Z" duration-ms="575" status="PASS">
          <reporter-output>
          </reporter-output>
        </test-method> <!-- startTesting -->
        <test-method signature="Keywords()[pri:0, instance:Test_Scripts.Hybrid_Framework@4fb64261]" started-at="2022-07-22T07:34:23Z" name="Keywords" finished-at="2022-07-22T07:34:28Z" duration-ms="5714" status="FAIL">
          <exception class="java.lang.AssertionError">
            <message>
              <![CDATA[null]]>
            </message>
            <full-stacktrace>
              <![CDATA[java.lang.AssertionError: null
at org.testng.Assert.fail(Assert.java:96)
at org.testng.Assert.fail(Assert.java:103)
at Test_Scripts.Hybrid_Framework.Keywords(Hybrid_Framework.java:412)
at java.base/jdk.internal.reflect.NativeMethodAccessorImpl.invoke0(Native Method)
at java.base/jdk.internal.reflect.NativeMethodAccessorImpl.invoke(NativeMethodAccessorImpl.java:77)
at java.base/jdk.internal.reflect.DelegatingMethodAccessorImpl.invoke(DelegatingMethodAccessorImpl.java:43)
at java.base/java.lang.reflect.Method.invoke(Method.java:568)
at org.testng.internal.MethodInvocationHelper.invokeMethod(MethodInvocationHelper.java:124)
at org.testng.internal.Invoker.invokeMethod(Invoker.java:583)
at org.testng.internal.Invoker.invokeTestMethod(Invoker.java:719)
at org.testng.internal.Invoker.invokeTestMethods(Invoker.java:989)
at org.testng.internal.TestMethodWorker.invokeTestMethods(TestMethodWorker.java:125)
at org.testng.internal.TestMethodWorker.run(TestMethodWorker.java:109)
at org.testng.TestRunner.privateRun(TestRunner.java:648)
at org.testng.TestRunner.run(TestRunner.java:505)
at org.testng.SuiteRunner.runTest(SuiteRunner.java:455)
at org.testng.SuiteRunner.runSequentially(SuiteRunner.java:450)
at org.testng.SuiteRunner.privateRun(SuiteRunner.java:415)
at org.testng.SuiteRunner.run(SuiteRunner.java:364)
at org.testng.SuiteRunnerWorker.runSuite(SuiteRunnerWorker.java:52)
at org.testng.SuiteRunnerWorker.run(SuiteRunnerWorker.java:84)
at org.testng.TestNG.runSuitesSequentially(TestNG.java:1208)
at org.testng.TestNG.runSuitesLocally(TestNG.java:1137)
at org.testng.TestNG.runSuites(TestNG.java:1049)
at org.testng.TestNG.run(TestNG.java:1017)
at Test_Scripts.Mainclass.main(Mainclass.java:9)
]]>
            </full-stacktrace>
          </exception> <!-- java.lang.AssertionError -->
          <reporter-output>
          </reporter-output>
        </test-method> <!-- Keywords -->
        <test-method is-config="true" signature="endScript()[pri:0, instance:Test_Scripts.Hybrid_Framework@4fb64261]" started-at="2022-07-22T07:34:28Z" name="endScript" finished-at="2022-07-22T07:34:28Z" duration-ms="52" status="PASS">
          <reporter-output>
          </reporter-output>
        </test-method> <!-- endScript -->
      </class> <!-- Test_Scripts.Hybrid_Framework -->
    </test> <!-- Command line test -->
  </suite> <!-- Command line suite -->
</testng-results>
